/home/mmcmurray/drew_stuff/CoUGARs/cougars_sim_converters/install/reverse_converters/lib/python3.10/site-packages/reverse_converters/moos_reverse.py
/home/mmcmurray/drew_stuff/CoUGARs/cougars_sim_converters/install/reverse_converters/lib/python3.10/site-packages/reverse_converters/depth_reverse.py
/home/mmcmurray/drew_stuff/CoUGARs/cougars_sim_converters/install/reverse_converters/lib/python3.10/site-packages/reverse_converters/gps_reverse.py
/home/mmcmurray/drew_stuff/CoUGARs/cougars_sim_converters/install/reverse_converters/lib/python3.10/site-packages/reverse_converters/__init__.py
/home/mmcmurray/drew_stuff/CoUGARs/cougars_sim_converters/install/reverse_converters/lib/python3.10/site-packages/reverse_converters/dvl_reverse.py
/home/mmcmurray/drew_stuff/CoUGARs/cougars_sim_converters/install/reverse_converters/lib/python3.10/site-packages/reverse_converters/__pycache__/moos_reverse.cpython-310.pyc
/home/mmcmurray/drew_stuff/CoUGARs/cougars_sim_converters/install/reverse_converters/lib/python3.10/site-packages/reverse_converters/__pycache__/depth_reverse.cpython-310.pyc
/home/mmcmurray/drew_stuff/CoUGARs/cougars_sim_converters/install/reverse_converters/lib/python3.10/site-packages/reverse_converters/__pycache__/gps_reverse.cpython-310.pyc
/home/mmcmurray/drew_stuff/CoUGARs/cougars_sim_converters/install/reverse_converters/lib/python3.10/site-packages/reverse_converters/__pycache__/__init__.cpython-310.pyc
/home/mmcmurray/drew_stuff/CoUGARs/cougars_sim_converters/install/reverse_converters/lib/python3.10/site-packages/reverse_converters/__pycache__/dvl_reverse.cpython-310.pyc
/home/mmcmurray/drew_stuff/CoUGARs/cougars_sim_converters/install/reverse_converters/share/ament_index/resource_index/packages/reverse_converters
/home/mmcmurray/drew_stuff/CoUGARs/cougars_sim_converters/install/reverse_converters/share/reverse_converters/package.xml
/home/mmcmurray/drew_stuff/CoUGARs/cougars_sim_converters/install/reverse_converters/share/reverse_converters/launch/reverse_launch.py
/home/mmcmurray/drew_stuff/CoUGARs/cougars_sim_converters/install/reverse_converters/share/reverse_converters/launch/full_launch.py
/home/mmcmurray/drew_stuff/CoUGARs/cougars_sim_converters/install/reverse_converters/share/reverse_converters/config/config.yaml
/home/mmcmurray/drew_stuff/CoUGARs/cougars_sim_converters/install/reverse_converters/lib/python3.10/site-packages/reverse_converters-0.0.0-py3.10.egg-info/entry_points.txt
/home/mmcmurray/drew_stuff/CoUGARs/cougars_sim_converters/install/reverse_converters/lib/python3.10/site-packages/reverse_converters-0.0.0-py3.10.egg-info/zip-safe
/home/mmcmurray/drew_stuff/CoUGARs/cougars_sim_converters/install/reverse_converters/lib/python3.10/site-packages/reverse_converters-0.0.0-py3.10.egg-info/top_level.txt
/home/mmcmurray/drew_stuff/CoUGARs/cougars_sim_converters/install/reverse_converters/lib/python3.10/site-packages/reverse_converters-0.0.0-py3.10.egg-info/SOURCES.txt
/home/mmcmurray/drew_stuff/CoUGARs/cougars_sim_converters/install/reverse_converters/lib/python3.10/site-packages/reverse_converters-0.0.0-py3.10.egg-info/dependency_links.txt
/home/mmcmurray/drew_stuff/CoUGARs/cougars_sim_converters/install/reverse_converters/lib/python3.10/site-packages/reverse_converters-0.0.0-py3.10.egg-info/PKG-INFO
/home/mmcmurray/drew_stuff/CoUGARs/cougars_sim_converters/install/reverse_converters/lib/python3.10/site-packages/reverse_converters-0.0.0-py3.10.egg-info/requires.txt
/home/mmcmurray/drew_stuff/CoUGARs/cougars_sim_converters/install/reverse_converters/lib/reverse_converters/depth_reverse
/home/mmcmurray/drew_stuff/CoUGARs/cougars_sim_converters/install/reverse_converters/lib/reverse_converters/dvl_reverse
/home/mmcmurray/drew_stuff/CoUGARs/cougars_sim_converters/install/reverse_converters/lib/reverse_converters/gps_reverse
/home/mmcmurray/drew_stuff/CoUGARs/cougars_sim_converters/install/reverse_converters/lib/reverse_converters/moos_reverse
