[0.728s] Invoking command in '/home/mmcmurray/drew_stuff/CoUGARs/cougars_sim_converters': CONDA_PROMPT_MODIFIER=(base) PYTHONPATH=/home/mmcmurray/drew_stuff/CoUGARs/cougars_sim_converters/build/reverse_converters/prefix_override:/usr/lib/python3/dist-packages/colcon_core/task/python/colcon_distutils_commands:/home/mmcmurray/drew_stuff/CoUGARs/cougars_sim_converters/install/reverse_converters/lib/python3.10/site-packages:${PYTHONPATH} /usr/bin/python3 -W ignore:setup.py install is deprecated setup.py egg_info --egg-base build/reverse_converters build --build-base /home/mmcmurray/drew_stuff/CoUGARs/cougars_sim_converters/build/reverse_converters/build install --record /home/mmcmurray/drew_stuff/CoUGARs/cougars_sim_converters/build/reverse_converters/install.log --single-version-externally-managed install_data
[0.994s] running egg_info
[0.995s] creating build/reverse_converters/reverse_converters.egg-info
[0.995s] writing build/reverse_converters/reverse_converters.egg-info/PKG-INFO
[0.995s] writing dependency_links to build/reverse_converters/reverse_converters.egg-info/dependency_links.txt
[0.996s] writing entry points to build/reverse_converters/reverse_converters.egg-info/entry_points.txt
[0.996s] writing requirements to build/reverse_converters/reverse_converters.egg-info/requires.txt
[0.996s] writing top-level names to build/reverse_converters/reverse_converters.egg-info/top_level.txt
[0.996s] writing manifest file 'build/reverse_converters/reverse_converters.egg-info/SOURCES.txt'
[0.998s] reading manifest file 'build/reverse_converters/reverse_converters.egg-info/SOURCES.txt'
[0.998s] adding license file 'LICENSE'
[0.999s] writing manifest file 'build/reverse_converters/reverse_converters.egg-info/SOURCES.txt'
[0.999s] running build
[0.999s] running build_py
[0.999s] creating /home/mmcmurray/drew_stuff/CoUGARs/cougars_sim_converters/build/reverse_converters/build
[1.000s] creating /home/mmcmurray/drew_stuff/CoUGARs/cougars_sim_converters/build/reverse_converters/build/lib
[1.000s] creating /home/mmcmurray/drew_stuff/CoUGARs/cougars_sim_converters/build/reverse_converters/build/lib/reverse_converters
[1.000s] copying reverse_converters/moos_reverse.py -> /home/mmcmurray/drew_stuff/CoUGARs/cougars_sim_converters/build/reverse_converters/build/lib/reverse_converters
[1.000s] copying reverse_converters/depth_reverse.py -> /home/mmcmurray/drew_stuff/CoUGARs/cougars_sim_converters/build/reverse_converters/build/lib/reverse_converters
[1.000s] copying reverse_converters/gps_reverse.py -> /home/mmcmurray/drew_stuff/CoUGARs/cougars_sim_converters/build/reverse_converters/build/lib/reverse_converters
[1.000s] copying reverse_converters/__init__.py -> /home/mmcmurray/drew_stuff/CoUGARs/cougars_sim_converters/build/reverse_converters/build/lib/reverse_converters
[1.000s] copying reverse_converters/dvl_reverse.py -> /home/mmcmurray/drew_stuff/CoUGARs/cougars_sim_converters/build/reverse_converters/build/lib/reverse_converters
[1.001s] running install
[1.001s] running install_lib
[1.002s] creating /home/mmcmurray/drew_stuff/CoUGARs/cougars_sim_converters/install/reverse_converters/lib/python3.10/site-packages/reverse_converters
[1.002s] copying /home/mmcmurray/drew_stuff/CoUGARs/cougars_sim_converters/build/reverse_converters/build/lib/reverse_converters/moos_reverse.py -> /home/mmcmurray/drew_stuff/CoUGARs/cougars_sim_converters/install/reverse_converters/lib/python3.10/site-packages/reverse_converters
[1.002s] copying /home/mmcmurray/drew_stuff/CoUGARs/cougars_sim_converters/build/reverse_converters/build/lib/reverse_converters/depth_reverse.py -> /home/mmcmurray/drew_stuff/CoUGARs/cougars_sim_converters/install/reverse_converters/lib/python3.10/site-packages/reverse_converters
[1.002s] copying /home/mmcmurray/drew_stuff/CoUGARs/cougars_sim_converters/build/reverse_converters/build/lib/reverse_converters/gps_reverse.py -> /home/mmcmurray/drew_stuff/CoUGARs/cougars_sim_converters/install/reverse_converters/lib/python3.10/site-packages/reverse_converters
[1.003s] copying /home/mmcmurray/drew_stuff/CoUGARs/cougars_sim_converters/build/reverse_converters/build/lib/reverse_converters/__init__.py -> /home/mmcmurray/drew_stuff/CoUGARs/cougars_sim_converters/install/reverse_converters/lib/python3.10/site-packages/reverse_converters
[1.003s] copying /home/mmcmurray/drew_stuff/CoUGARs/cougars_sim_converters/build/reverse_converters/build/lib/reverse_converters/dvl_reverse.py -> /home/mmcmurray/drew_stuff/CoUGARs/cougars_sim_converters/install/reverse_converters/lib/python3.10/site-packages/reverse_converters
[1.003s] byte-compiling /home/mmcmurray/drew_stuff/CoUGARs/cougars_sim_converters/install/reverse_converters/lib/python3.10/site-packages/reverse_converters/moos_reverse.py to moos_reverse.cpython-310.pyc
[1.004s] byte-compiling /home/mmcmurray/drew_stuff/CoUGARs/cougars_sim_converters/install/reverse_converters/lib/python3.10/site-packages/reverse_converters/depth_reverse.py to depth_reverse.cpython-310.pyc
[1.004s] byte-compiling /home/mmcmurray/drew_stuff/CoUGARs/cougars_sim_converters/install/reverse_converters/lib/python3.10/site-packages/reverse_converters/gps_reverse.py to gps_reverse.cpython-310.pyc
[1.005s] byte-compiling /home/mmcmurray/drew_stuff/CoUGARs/cougars_sim_converters/install/reverse_converters/lib/python3.10/site-packages/reverse_converters/__init__.py to __init__.cpython-310.pyc
[1.005s] byte-compiling /home/mmcmurray/drew_stuff/CoUGARs/cougars_sim_converters/install/reverse_converters/lib/python3.10/site-packages/reverse_converters/dvl_reverse.py to dvl_reverse.cpython-310.pyc
[1.006s] running install_data
[1.006s] creating /home/mmcmurray/drew_stuff/CoUGARs/cougars_sim_converters/install/reverse_converters/share/ament_index
[1.006s] creating /home/mmcmurray/drew_stuff/CoUGARs/cougars_sim_converters/install/reverse_converters/share/ament_index/resource_index
[1.007s] creating /home/mmcmurray/drew_stuff/CoUGARs/cougars_sim_converters/install/reverse_converters/share/ament_index/resource_index/packages
[1.007s] copying resource/reverse_converters -> /home/mmcmurray/drew_stuff/CoUGARs/cougars_sim_converters/install/reverse_converters/share/ament_index/resource_index/packages
[1.007s] copying package.xml -> /home/mmcmurray/drew_stuff/CoUGARs/cougars_sim_converters/install/reverse_converters/share/reverse_converters
[1.007s] creating /home/mmcmurray/drew_stuff/CoUGARs/cougars_sim_converters/install/reverse_converters/share/reverse_converters/launch
[1.007s] copying launch/reverse_launch.py -> /home/mmcmurray/drew_stuff/CoUGARs/cougars_sim_converters/install/reverse_converters/share/reverse_converters/launch
[1.007s] copying launch/full_launch.py -> /home/mmcmurray/drew_stuff/CoUGARs/cougars_sim_converters/install/reverse_converters/share/reverse_converters/launch
[1.007s] creating /home/mmcmurray/drew_stuff/CoUGARs/cougars_sim_converters/install/reverse_converters/share/reverse_converters/config
[1.007s] copying config/config.yaml -> /home/mmcmurray/drew_stuff/CoUGARs/cougars_sim_converters/install/reverse_converters/share/reverse_converters/config
[1.007s] running install_egg_info
[1.010s] Copying build/reverse_converters/reverse_converters.egg-info to /home/mmcmurray/drew_stuff/CoUGARs/cougars_sim_converters/install/reverse_converters/lib/python3.10/site-packages/reverse_converters-0.0.0-py3.10.egg-info
[1.011s] running install_scripts
[1.034s] Installing depth_reverse script to /home/mmcmurray/drew_stuff/CoUGARs/cougars_sim_converters/install/reverse_converters/lib/reverse_converters
[1.035s] Installing dvl_reverse script to /home/mmcmurray/drew_stuff/CoUGARs/cougars_sim_converters/install/reverse_converters/lib/reverse_converters
[1.035s] Installing gps_reverse script to /home/mmcmurray/drew_stuff/CoUGARs/cougars_sim_converters/install/reverse_converters/lib/reverse_converters
[1.035s] Installing moos_reverse script to /home/mmcmurray/drew_stuff/CoUGARs/cougars_sim_converters/install/reverse_converters/lib/reverse_converters
[1.035s] writing list of installed files to '/home/mmcmurray/drew_stuff/CoUGARs/cougars_sim_converters/build/reverse_converters/install.log'
[1.062s] Invoked command in '/home/mmcmurray/drew_stuff/CoUGARs/cougars_sim_converters' returned '0': CONDA_PROMPT_MODIFIER=(base) PYTHONPATH=/home/mmcmurray/drew_stuff/CoUGARs/cougars_sim_converters/build/reverse_converters/prefix_override:/usr/lib/python3/dist-packages/colcon_core/task/python/colcon_distutils_commands:/home/mmcmurray/drew_stuff/CoUGARs/cougars_sim_converters/install/reverse_converters/lib/python3.10/site-packages:${PYTHONPATH} /usr/bin/python3 -W ignore:setup.py install is deprecated setup.py egg_info --egg-base build/reverse_converters build --build-base /home/mmcmurray/drew_stuff/CoUGARs/cougars_sim_converters/build/reverse_converters/build install --record /home/mmcmurray/drew_stuff/CoUGARs/cougars_sim_converters/build/reverse_converters/install.log --single-version-externally-managed install_data
