running egg_info
writing build/reverse_converters/reverse_converters.egg-info/PKG-INFO
writing dependency_links to build/reverse_converters/reverse_converters.egg-info/dependency_links.txt
writing entry points to build/reverse_converters/reverse_converters.egg-info/entry_points.txt
writing requirements to build/reverse_converters/reverse_converters.egg-info/requires.txt
writing top-level names to build/reverse_converters/reverse_converters.egg-info/top_level.txt
reading manifest file 'build/reverse_converters/reverse_converters.egg-info/SOURCES.txt'
adding license file 'LICENSE'
writing manifest file 'build/reverse_converters/reverse_converters.egg-info/SOURCES.txt'
running build
running build_py
running install
running install_lib
running install_data
running install_egg_info
removing '/home/mmcmurray/drew_stuff/CoUGARs/cougars_sim_converters/install/reverse_converters/lib/python3.10/site-packages/reverse_converters-0.0.0-py3.10.egg-info' (and everything under it)
Copying build/reverse_converters/reverse_converters.egg-info to /home/mmcmurray/drew_stuff/CoUGARs/cougars_sim_converters/install/reverse_converters/lib/python3.10/site-packages/reverse_converters-0.0.0-py3.10.egg-info
running install_scripts
Installing depth_reverse script to /home/mmcmurray/drew_stuff/CoUGARs/cougars_sim_converters/install/reverse_converters/lib/reverse_converters
Installing dvl_reverse script to /home/mmcmurray/drew_stuff/CoUGARs/cougars_sim_converters/install/reverse_converters/lib/reverse_converters
Installing gps_reverse script to /home/mmcmurray/drew_stuff/CoUGARs/cougars_sim_converters/install/reverse_converters/lib/reverse_converters
Installing moos_reverse script to /home/mmcmurray/drew_stuff/CoUGARs/cougars_sim_converters/install/reverse_converters/lib/reverse_converters
writing list of installed files to '/home/mmcmurray/drew_stuff/CoUGARs/cougars_sim_converters/build/reverse_converters/install.log'
