[0.719s] Invoking command in '/home/mmcmurray/drew_stuff/CoUGARs/cougars_sim_converters': CONDA_PROMPT_MODIFIER=(base) PYTHONPATH=/home/mmcmurray/drew_stuff/CoUGARs/cougars_sim_converters/build/reverse_converters/prefix_override:/usr/lib/python3/dist-packages/colcon_core/task/python/colcon_distutils_commands:/home/mmcmurray/drew_stuff/CoUGARs/cougars_sim_converters/install/reverse_converters/lib/python3.10/site-packages:${PYTHONPATH} /usr/bin/python3 -W ignore:setup.py install is deprecated setup.py egg_info --egg-base build/reverse_converters build --build-base /home/mmcmurray/drew_stuff/CoUGARs/cougars_sim_converters/build/reverse_converters/build install --record /home/mmcmurray/drew_stuff/CoUGARs/cougars_sim_converters/build/reverse_converters/install.log --single-version-externally-managed install_data
[1.013s] running egg_info
[1.014s] writing build/reverse_converters/reverse_converters.egg-info/PKG-INFO
[1.014s] writing dependency_links to build/reverse_converters/reverse_converters.egg-info/dependency_links.txt
[1.014s] writing entry points to build/reverse_converters/reverse_converters.egg-info/entry_points.txt
[1.014s] writing requirements to build/reverse_converters/reverse_converters.egg-info/requires.txt
[1.014s] writing top-level names to build/reverse_converters/reverse_converters.egg-info/top_level.txt
[1.017s] reading manifest file 'build/reverse_converters/reverse_converters.egg-info/SOURCES.txt'
[1.017s] adding license file 'LICENSE'
[1.018s] writing manifest file 'build/reverse_converters/reverse_converters.egg-info/SOURCES.txt'
[1.018s] running build
[1.019s] running build_py
[1.019s] running install
[1.019s] running install_lib
[1.021s] running install_data
[1.021s] running install_egg_info
[1.024s] removing '/home/mmcmurray/drew_stuff/CoUGARs/cougars_sim_converters/install/reverse_converters/lib/python3.10/site-packages/reverse_converters-0.0.0-py3.10.egg-info' (and everything under it)
[1.024s] Copying build/reverse_converters/reverse_converters.egg-info to /home/mmcmurray/drew_stuff/CoUGARs/cougars_sim_converters/install/reverse_converters/lib/python3.10/site-packages/reverse_converters-0.0.0-py3.10.egg-info
[1.025s] running install_scripts
[1.057s] Installing depth_reverse script to /home/mmcmurray/drew_stuff/CoUGARs/cougars_sim_converters/install/reverse_converters/lib/reverse_converters
[1.057s] Installing dvl_reverse script to /home/mmcmurray/drew_stuff/CoUGARs/cougars_sim_converters/install/reverse_converters/lib/reverse_converters
[1.058s] Installing gps_reverse script to /home/mmcmurray/drew_stuff/CoUGARs/cougars_sim_converters/install/reverse_converters/lib/reverse_converters
[1.058s] Installing moos_reverse script to /home/mmcmurray/drew_stuff/CoUGARs/cougars_sim_converters/install/reverse_converters/lib/reverse_converters
[1.058s] writing list of installed files to '/home/mmcmurray/drew_stuff/CoUGARs/cougars_sim_converters/build/reverse_converters/install.log'
[1.091s] Invoked command in '/home/mmcmurray/drew_stuff/CoUGARs/cougars_sim_converters' returned '0': CONDA_PROMPT_MODIFIER=(base) PYTHONPATH=/home/mmcmurray/drew_stuff/CoUGARs/cougars_sim_converters/build/reverse_converters/prefix_override:/usr/lib/python3/dist-packages/colcon_core/task/python/colcon_distutils_commands:/home/mmcmurray/drew_stuff/CoUGARs/cougars_sim_converters/install/reverse_converters/lib/python3.10/site-packages:${PYTHONPATH} /usr/bin/python3 -W ignore:setup.py install is deprecated setup.py egg_info --egg-base build/reverse_converters build --build-base /home/mmcmurray/drew_stuff/CoUGARs/cougars_sim_converters/build/reverse_converters/build install --record /home/mmcmurray/drew_stuff/CoUGARs/cougars_sim_converters/build/reverse_converters/install.log --single-version-externally-managed install_data
