[0.118s] DEBUG:colcon:Command line arguments: ['/usr/bin/colcon', 'build']
[0.118s] DEBUG:colcon:Parsed command line arguments: Namespace(log_base=None, log_level=None, verb_name='build', build_base='build', install_base='install', merge_install=False, symlink_install=False, test_result_base=None, continue_on_error=False, executor='parallel', parallel_workers=8, event_handlers=None, ignore_user_meta=False, metas=['./colcon.meta'], base_paths=['.'], packages_ignore=None, packages_ignore_regex=None, paths=None, packages_up_to=None, packages_up_to_regex=None, packages_above=None, packages_above_and_dependencies=None, packages_above_depth=None, packages_select_by_dep=None, packages_skip_by_dep=None, packages_skip_up_to=None, packages_select_build_failed=False, packages_skip_build_finished=False, packages_select_test_failures=False, packages_skip_test_passed=False, packages_select=None, packages_skip=None, packages_select_regex=None, packages_skip_regex=None, packages_start=None, packages_end=None, allow_overriding=[], cmake_args=None, cmake_target=None, cmake_target_skip_unavailable=False, cmake_clean_cache=False, cmake_clean_first=False, cmake_force_configure=False, ament_cmake_args=None, catkin_cmake_args=None, catkin_skip_building_tests=False, verb_parser=<colcon_defaults.argument_parser.defaults.DefaultArgumentsDecorator object at 0x7b60367f8760>, verb_extension=<colcon_core.verb.build.BuildVerb object at 0x7b60367f8310>, main=<bound method BuildVerb.main of <colcon_core.verb.build.BuildVerb object at 0x7b60367f8310>>)
[0.285s] Level 1:colcon.colcon_core.package_discovery:discover_packages(colcon_meta) check parameters
[0.285s] Level 1:colcon.colcon_core.package_discovery:discover_packages(recursive) check parameters
[0.285s] Level 1:colcon.colcon_core.package_discovery:discover_packages(ignore) check parameters
[0.285s] Level 1:colcon.colcon_core.package_discovery:discover_packages(path) check parameters
[0.285s] Level 1:colcon.colcon_core.package_discovery:discover_packages(colcon_meta) discover
[0.285s] Level 1:colcon.colcon_core.package_discovery:discover_packages(recursive) discover
[0.285s] INFO:colcon.colcon_core.package_discovery:Crawling recursively for packages in '/home/mmcmurray/drew_stuff/CoUGARs/cougars_sim_converters'
[0.285s] Level 1:colcon.colcon_core.package_identification:_identify(.) by extensions ['ignore', 'ignore_ament_install']
[0.286s] Level 1:colcon.colcon_core.package_identification:_identify(.) by extension 'ignore'
[0.286s] Level 1:colcon.colcon_core.package_identification:_identify(.) by extension 'ignore_ament_install'
[0.286s] Level 1:colcon.colcon_core.package_identification:_identify(.) by extensions ['colcon_pkg']
[0.286s] Level 1:colcon.colcon_core.package_identification:_identify(.) by extension 'colcon_pkg'
[0.286s] Level 1:colcon.colcon_core.package_identification:_identify(.) by extensions ['colcon_meta']
[0.286s] Level 1:colcon.colcon_core.package_identification:_identify(.) by extension 'colcon_meta'
[0.286s] Level 1:colcon.colcon_core.package_identification:_identify(.) by extensions ['ros']
[0.286s] Level 1:colcon.colcon_core.package_identification:_identify(.) by extension 'ros'
[0.301s] DEBUG:colcon.colcon_core.package_identification:Package '.' with type 'ros.ament_python' and name 'reverse_converters'
[0.301s] Level 1:colcon.colcon_core.package_discovery:discover_packages(recursive) using defaults
[0.301s] Level 1:colcon.colcon_core.package_discovery:discover_packages(ignore) discover
[0.301s] Level 1:colcon.colcon_core.package_discovery:discover_packages(ignore) using defaults
[0.301s] Level 1:colcon.colcon_core.package_discovery:discover_packages(path) discover
[0.301s] Level 1:colcon.colcon_core.package_discovery:discover_packages(path) using defaults
[0.323s] Level 1:colcon.colcon_core.package_discovery:discover_packages(prefix_path) check parameters
[0.323s] Level 1:colcon.colcon_core.package_discovery:discover_packages(prefix_path) discover
[0.325s] DEBUG:colcon.colcon_installed_package_information.package_discovery:Found 1 installed packages in /home/mmcmurray/drew_stuff/CoUGARs/cougars_sim_converters/install
[0.326s] DEBUG:colcon.colcon_installed_package_information.package_discovery:Found 13 installed packages in /home/mmcmurray/drew_stuff/CoUGARs/cougars-ros2/install
[0.328s] DEBUG:colcon.colcon_installed_package_information.package_discovery:Found 274 installed packages in /opt/ros/humble
[0.329s] Level 1:colcon.colcon_core.package_discovery:discover_packages(prefix_path) using defaults
[0.386s] Level 5:colcon.colcon_core.verb:set package 'reverse_converters' build argument 'cmake_args' from command line to 'None'
[0.386s] Level 5:colcon.colcon_core.verb:set package 'reverse_converters' build argument 'cmake_target' from command line to 'None'
[0.386s] Level 5:colcon.colcon_core.verb:set package 'reverse_converters' build argument 'cmake_target_skip_unavailable' from command line to 'False'
[0.386s] Level 5:colcon.colcon_core.verb:set package 'reverse_converters' build argument 'cmake_clean_cache' from command line to 'False'
[0.386s] Level 5:colcon.colcon_core.verb:set package 'reverse_converters' build argument 'cmake_clean_first' from command line to 'False'
[0.386s] Level 5:colcon.colcon_core.verb:set package 'reverse_converters' build argument 'cmake_force_configure' from command line to 'False'
[0.386s] Level 5:colcon.colcon_core.verb:set package 'reverse_converters' build argument 'ament_cmake_args' from command line to 'None'
[0.386s] Level 5:colcon.colcon_core.verb:set package 'reverse_converters' build argument 'catkin_cmake_args' from command line to 'None'
[0.386s] Level 5:colcon.colcon_core.verb:set package 'reverse_converters' build argument 'catkin_skip_building_tests' from command line to 'False'
[0.386s] DEBUG:colcon.colcon_core.verb:Building package 'reverse_converters' with the following arguments: {'ament_cmake_args': None, 'build_base': '/home/mmcmurray/drew_stuff/CoUGARs/cougars_sim_converters/build/reverse_converters', 'catkin_cmake_args': None, 'catkin_skip_building_tests': False, 'cmake_args': None, 'cmake_clean_cache': False, 'cmake_clean_first': False, 'cmake_force_configure': False, 'cmake_target': None, 'cmake_target_skip_unavailable': False, 'install_base': '/home/mmcmurray/drew_stuff/CoUGARs/cougars_sim_converters/install/reverse_converters', 'merge_install': False, 'path': '/home/mmcmurray/drew_stuff/CoUGARs/cougars_sim_converters', 'symlink_install': False, 'test_result_base': None}
[0.386s] INFO:colcon.colcon_core.executor:Executing jobs using 'parallel' executor
[0.387s] DEBUG:colcon.colcon_parallel_executor.executor.parallel:run_until_complete
[0.388s] INFO:colcon.colcon_ros.task.ament_python.build:Building ROS package in '/home/mmcmurray/drew_stuff/CoUGARs/cougars_sim_converters' with build type 'ament_python'
[0.388s] Level 1:colcon.colcon_core.shell:create_environment_hook('reverse_converters', 'ament_prefix_path')
[0.390s] INFO:colcon.colcon_core.plugin_system:Skipping extension 'colcon_core.shell.bat': Not used on non-Windows systems
[0.390s] INFO:colcon.colcon_core.shell:Creating environment hook '/home/mmcmurray/drew_stuff/CoUGARs/cougars_sim_converters/install/reverse_converters/share/reverse_converters/hook/ament_prefix_path.ps1'
[0.391s] INFO:colcon.colcon_core.shell:Creating environment descriptor '/home/mmcmurray/drew_stuff/CoUGARs/cougars_sim_converters/install/reverse_converters/share/reverse_converters/hook/ament_prefix_path.dsv'
[0.392s] INFO:colcon.colcon_core.shell:Creating environment hook '/home/mmcmurray/drew_stuff/CoUGARs/cougars_sim_converters/install/reverse_converters/share/reverse_converters/hook/ament_prefix_path.sh'
[0.392s] INFO:colcon.colcon_core.shell:Skip shell extension 'powershell' for command environment: Not usable outside of PowerShell
[0.392s] DEBUG:colcon.colcon_core.shell:Skip shell extension 'dsv' for command environment
[0.677s] INFO:colcon.colcon_core.task.python.build:Building Python package in '/home/mmcmurray/drew_stuff/CoUGARs/cougars_sim_converters'
[0.677s] INFO:colcon.colcon_core.shell:Skip shell extension 'powershell' for command environment: Not usable outside of PowerShell
[0.677s] DEBUG:colcon.colcon_core.shell:Skip shell extension 'dsv' for command environment
[1.069s] DEBUG:colcon.colcon_core.event_handler.log_command:Invoking command in '/home/mmcmurray/drew_stuff/CoUGARs/cougars_sim_converters': CONDA_PROMPT_MODIFIER=(base) PYTHONPATH=/home/mmcmurray/drew_stuff/CoUGARs/cougars_sim_converters/build/reverse_converters/prefix_override:/usr/lib/python3/dist-packages/colcon_core/task/python/colcon_distutils_commands:/home/mmcmurray/drew_stuff/CoUGARs/cougars_sim_converters/install/reverse_converters/lib/python3.10/site-packages:${PYTHONPATH} /usr/bin/python3 -W ignore:setup.py install is deprecated setup.py egg_info --egg-base build/reverse_converters build --build-base /home/mmcmurray/drew_stuff/CoUGARs/cougars_sim_converters/build/reverse_converters/build install --record /home/mmcmurray/drew_stuff/CoUGARs/cougars_sim_converters/build/reverse_converters/install.log --single-version-externally-managed install_data
[1.394s] DEBUG:colcon.colcon_core.event_handler.log_command:Invoked command in '/home/mmcmurray/drew_stuff/CoUGARs/cougars_sim_converters' returned '0': CONDA_PROMPT_MODIFIER=(base) PYTHONPATH=/home/mmcmurray/drew_stuff/CoUGARs/cougars_sim_converters/build/reverse_converters/prefix_override:/usr/lib/python3/dist-packages/colcon_core/task/python/colcon_distutils_commands:/home/mmcmurray/drew_stuff/CoUGARs/cougars_sim_converters/install/reverse_converters/lib/python3.10/site-packages:${PYTHONPATH} /usr/bin/python3 -W ignore:setup.py install is deprecated setup.py egg_info --egg-base build/reverse_converters build --build-base /home/mmcmurray/drew_stuff/CoUGARs/cougars_sim_converters/build/reverse_converters/build install --record /home/mmcmurray/drew_stuff/CoUGARs/cougars_sim_converters/build/reverse_converters/install.log --single-version-externally-managed install_data
[1.397s] Level 1:colcon.colcon_core.environment:checking '/home/mmcmurray/drew_stuff/CoUGARs/cougars_sim_converters/install/reverse_converters' for CMake module files
[1.397s] Level 1:colcon.colcon_core.environment:checking '/home/mmcmurray/drew_stuff/CoUGARs/cougars_sim_converters/install/reverse_converters' for CMake config files
[1.398s] Level 1:colcon.colcon_core.environment:checking '/home/mmcmurray/drew_stuff/CoUGARs/cougars_sim_converters/install/reverse_converters/lib'
[1.398s] Level 1:colcon.colcon_core.environment:checking '/home/mmcmurray/drew_stuff/CoUGARs/cougars_sim_converters/install/reverse_converters/bin'
[1.399s] Level 1:colcon.colcon_core.environment:checking '/home/mmcmurray/drew_stuff/CoUGARs/cougars_sim_converters/install/reverse_converters/lib/pkgconfig/reverse_converters.pc'
[1.399s] Level 1:colcon.colcon_core.environment:checking '/home/mmcmurray/drew_stuff/CoUGARs/cougars_sim_converters/install/reverse_converters/lib/python3.10/site-packages'
[1.399s] Level 1:colcon.colcon_core.shell:create_environment_hook('reverse_converters', 'pythonpath')
[1.399s] INFO:colcon.colcon_core.shell:Creating environment hook '/home/mmcmurray/drew_stuff/CoUGARs/cougars_sim_converters/install/reverse_converters/share/reverse_converters/hook/pythonpath.ps1'
[1.400s] INFO:colcon.colcon_core.shell:Creating environment descriptor '/home/mmcmurray/drew_stuff/CoUGARs/cougars_sim_converters/install/reverse_converters/share/reverse_converters/hook/pythonpath.dsv'
[1.400s] INFO:colcon.colcon_core.shell:Creating environment hook '/home/mmcmurray/drew_stuff/CoUGARs/cougars_sim_converters/install/reverse_converters/share/reverse_converters/hook/pythonpath.sh'
[1.401s] Level 1:colcon.colcon_core.environment:checking '/home/mmcmurray/drew_stuff/CoUGARs/cougars_sim_converters/install/reverse_converters/bin'
[1.401s] Level 1:colcon.colcon_core.environment:create_environment_scripts_only(reverse_converters)
[1.401s] INFO:colcon.colcon_core.shell:Creating package script '/home/mmcmurray/drew_stuff/CoUGARs/cougars_sim_converters/install/reverse_converters/share/reverse_converters/package.ps1'
[1.402s] INFO:colcon.colcon_core.shell:Creating package descriptor '/home/mmcmurray/drew_stuff/CoUGARs/cougars_sim_converters/install/reverse_converters/share/reverse_converters/package.dsv'
[1.403s] INFO:colcon.colcon_core.shell:Creating package script '/home/mmcmurray/drew_stuff/CoUGARs/cougars_sim_converters/install/reverse_converters/share/reverse_converters/package.sh'
[1.404s] INFO:colcon.colcon_core.shell:Creating package script '/home/mmcmurray/drew_stuff/CoUGARs/cougars_sim_converters/install/reverse_converters/share/reverse_converters/package.bash'
[1.404s] INFO:colcon.colcon_core.shell:Creating package script '/home/mmcmurray/drew_stuff/CoUGARs/cougars_sim_converters/install/reverse_converters/share/reverse_converters/package.zsh'
[1.405s] Level 1:colcon.colcon_core.environment:create_file_with_runtime_dependencies(/home/mmcmurray/drew_stuff/CoUGARs/cougars_sim_converters/install/reverse_converters/share/colcon-core/packages/reverse_converters)
[1.406s] DEBUG:colcon.colcon_parallel_executor.executor.parallel:closing loop
[1.406s] DEBUG:colcon.colcon_parallel_executor.executor.parallel:loop closed
[1.406s] DEBUG:colcon.colcon_parallel_executor.executor.parallel:run_until_complete finished with '0'
[1.406s] DEBUG:colcon.colcon_core.event_reactor:joining thread
[1.413s] INFO:colcon.colcon_core.plugin_system:Skipping extension 'colcon_notification.desktop_notification.terminal_notifier': Not used on non-Darwin systems
[1.413s] INFO:colcon.colcon_core.plugin_system:Skipping extension 'colcon_notification.desktop_notification.win32': Not used on non-Windows systems
[1.413s] INFO:colcon.colcon_notification.desktop_notification:Sending desktop notification using 'notify2'
[1.426s] DEBUG:colcon.colcon_core.event_reactor:joined thread
[1.426s] INFO:colcon.colcon_core.shell:Creating prefix script '/home/mmcmurray/drew_stuff/CoUGARs/cougars_sim_converters/install/local_setup.ps1'
[1.427s] INFO:colcon.colcon_core.shell:Creating prefix util module '/home/mmcmurray/drew_stuff/CoUGARs/cougars_sim_converters/install/_local_setup_util_ps1.py'
[1.429s] INFO:colcon.colcon_core.shell:Creating prefix chain script '/home/mmcmurray/drew_stuff/CoUGARs/cougars_sim_converters/install/setup.ps1'
[1.431s] INFO:colcon.colcon_core.shell:Creating prefix script '/home/mmcmurray/drew_stuff/CoUGARs/cougars_sim_converters/install/local_setup.sh'
[1.432s] INFO:colcon.colcon_core.shell:Creating prefix util module '/home/mmcmurray/drew_stuff/CoUGARs/cougars_sim_converters/install/_local_setup_util_sh.py'
[1.432s] INFO:colcon.colcon_core.shell:Creating prefix chain script '/home/mmcmurray/drew_stuff/CoUGARs/cougars_sim_converters/install/setup.sh'
[1.434s] INFO:colcon.colcon_core.shell:Creating prefix script '/home/mmcmurray/drew_stuff/CoUGARs/cougars_sim_converters/install/local_setup.bash'
[1.435s] INFO:colcon.colcon_core.shell:Creating prefix chain script '/home/mmcmurray/drew_stuff/CoUGARs/cougars_sim_converters/install/setup.bash'
[1.436s] INFO:colcon.colcon_core.shell:Creating prefix script '/home/mmcmurray/drew_stuff/CoUGARs/cougars_sim_converters/install/local_setup.zsh'
[1.437s] INFO:colcon.colcon_core.shell:Creating prefix chain script '/home/mmcmurray/drew_stuff/CoUGARs/cougars_sim_converters/install/setup.zsh'
