[0.714s] Invoking command in '/home/mmcmurray/drew_stuff/CoUGARs/cougars_sim_converters': CONDA_PROMPT_MODIFIER=(base) PYTHONPATH=/home/mmcmurray/drew_stuff/CoUGARs/cougars_sim_converters/build/reverse_converters/prefix_override:/usr/lib/python3/dist-packages/colcon_core/task/python/colcon_distutils_commands:/home/mmcmurray/drew_stuff/CoUGARs/cougars_sim_converters/install/reverse_converters/lib/python3.10/site-packages:${PYTHONPATH} /usr/bin/python3 -W ignore:setup.py install is deprecated setup.py egg_info --egg-base build/reverse_converters build --build-base /home/mmcmurray/drew_stuff/CoUGARs/cougars_sim_converters/build/reverse_converters/build install --record /home/mmcmurray/drew_stuff/CoUGARs/cougars_sim_converters/build/reverse_converters/install.log --single-version-externally-managed install_data
[1.038s] running egg_info
[1.039s] writing build/reverse_converters/reverse_converters.egg-info/PKG-INFO
[1.039s] writing dependency_links to build/reverse_converters/reverse_converters.egg-info/dependency_links.txt
[1.039s] writing entry points to build/reverse_converters/reverse_converters.egg-info/entry_points.txt
[1.039s] writing requirements to build/reverse_converters/reverse_converters.egg-info/requires.txt
[1.039s] writing top-level names to build/reverse_converters/reverse_converters.egg-info/top_level.txt
[1.041s] reading manifest file 'build/reverse_converters/reverse_converters.egg-info/SOURCES.txt'
[1.042s] adding license file 'LICENSE'
[1.043s] writing manifest file 'build/reverse_converters/reverse_converters.egg-info/SOURCES.txt'
[1.043s] running build
[1.043s] running build_py
[1.043s] copying reverse_converters/moos_reverse.py -> /home/mmcmurray/drew_stuff/CoUGARs/cougars_sim_converters/build/reverse_converters/build/lib/reverse_converters
[1.043s] running install
[1.044s] running install_lib
[1.045s] copying /home/mmcmurray/drew_stuff/CoUGARs/cougars_sim_converters/build/reverse_converters/build/lib/reverse_converters/moos_reverse.py -> /home/mmcmurray/drew_stuff/CoUGARs/cougars_sim_converters/install/reverse_converters/lib/python3.10/site-packages/reverse_converters
[1.045s] byte-compiling /home/mmcmurray/drew_stuff/CoUGARs/cougars_sim_converters/install/reverse_converters/lib/python3.10/site-packages/reverse_converters/moos_reverse.py to moos_reverse.cpython-310.pyc
[1.046s] running install_data
[1.046s] running install_egg_info
[1.048s] removing '/home/mmcmurray/drew_stuff/CoUGARs/cougars_sim_converters/install/reverse_converters/lib/python3.10/site-packages/reverse_converters-0.0.0-py3.10.egg-info' (and everything under it)
[1.049s] Copying build/reverse_converters/reverse_converters.egg-info to /home/mmcmurray/drew_stuff/CoUGARs/cougars_sim_converters/install/reverse_converters/lib/python3.10/site-packages/reverse_converters-0.0.0-py3.10.egg-info
[1.050s] running install_scripts
[1.077s] Installing depth_reverse script to /home/mmcmurray/drew_stuff/CoUGARs/cougars_sim_converters/install/reverse_converters/lib/reverse_converters
[1.077s] Installing dvl_reverse script to /home/mmcmurray/drew_stuff/CoUGARs/cougars_sim_converters/install/reverse_converters/lib/reverse_converters
[1.077s] Installing gps_reverse script to /home/mmcmurray/drew_stuff/CoUGARs/cougars_sim_converters/install/reverse_converters/lib/reverse_converters
[1.078s] Installing moos_reverse script to /home/mmcmurray/drew_stuff/CoUGARs/cougars_sim_converters/install/reverse_converters/lib/reverse_converters
[1.078s] writing list of installed files to '/home/mmcmurray/drew_stuff/CoUGARs/cougars_sim_converters/build/reverse_converters/install.log'
[1.110s] Invoked command in '/home/mmcmurray/drew_stuff/CoUGARs/cougars_sim_converters' returned '0': CONDA_PROMPT_MODIFIER=(base) PYTHONPATH=/home/mmcmurray/drew_stuff/CoUGARs/cougars_sim_converters/build/reverse_converters/prefix_override:/usr/lib/python3/dist-packages/colcon_core/task/python/colcon_distutils_commands:/home/mmcmurray/drew_stuff/CoUGARs/cougars_sim_converters/install/reverse_converters/lib/python3.10/site-packages:${PYTHONPATH} /usr/bin/python3 -W ignore:setup.py install is deprecated setup.py egg_info --egg-base build/reverse_converters build --build-base /home/mmcmurray/drew_stuff/CoUGARs/cougars_sim_converters/build/reverse_converters/build install --record /home/mmcmurray/drew_stuff/CoUGARs/cougars_sim_converters/build/reverse_converters/install.log --single-version-externally-managed install_data
